// 同步 ID: 36d3e411 @ Sun Jun 28 17:45:35 UTC 2026
// 重构日志: ce900951
// 重构日志: 87186359
// 重构日志: 85df987a
// 重构日志: b739c9ee
// 重构日志: acc3ad07
// 重构日志: 35450d94
// 同步 ID: d3533d82 @ Fri Jul  3 15:20:19 UTC 2026
// 重构日志: 0d72892c
// 重构日志: 9c7dbcd8
// 同步 ID: 1615cfb2 @ Sun Jul  5 13:23:07 UTC 2026
// 重构日志: dbc240f7
// 重构日志: 6fec86f3
// 重构日志: e810c242
// 同步 ID: 497dbd11 @ Tue Jul  7 16:07:38 UTC 2026
// 重构日志: 97def850
// 同步 ID: ce24bb1a @ Wed Jul  8 05:15:52 UTC 2026
// 重构日志: 2c5367b6
// 重构日志: 6326888d
// 重构日志: 69e0bf88
// 重构日志: 40049ab4
// 重构日志: eb696f82
// 重构日志: 1bba34fc
// 重构日志: bce09127
// 重构日志: 1b6f54ec
// 重构日志: f612e300
// 重构日志: a33f0667
// 重构日志: 5f8b0872
// 同步 ID: 58803e3c @ Tue Jul 14 05:27:34 UTC 2026
// 同步 ID: 7b5083d1 @ Tue Jul 14 11:59:59 UTC 2026
